<?xml version="1.0" encoding="UTF-8"?>
<testsuite xmlns:xsi="http://www.w3.org/2001/XMLSchema-instance" xsi:noNamespaceSchemaLocation="https://maven.apache.org/surefire/maven-surefire-plugin/xsd/surefire-test-report-3.0.xsd" version="3.0" name="testrunners.SearchTest" time="0.566" tests="1" errors="0" skipped="0" failures="0">
  <properties>
    <property name="java.specification.version" value="17"/>
    <property name="sun.cpu.isalist" value="amd64"/>
    <property name="sun.jnu.encoding" value="Cp1252"/>
    <property name="java.class.path" value="C:\SeleniumAutomationDataDrivenFramework\CucumberPractices\target\test-classes;C:\SeleniumAutomationDataDrivenFramework\CucumberPractices\target\classes;C:\Users\kannan.palani\.m2\repository\io\cucumber\cucumber-java\7.21.1\cucumber-java-7.21.1.jar;C:\Users\kannan.palani\.m2\repository\io\cucumber\cucumber-core\7.21.1\cucumber-core-7.21.1.jar;C:\Users\kannan.palani\.m2\repository\io\cucumber\cucumber-gherkin\7.21.1\cucumber-gherkin-7.21.1.jar;C:\Users\kannan.palani\.m2\repository\io\cucumber\cucumber-gherkin-messages\7.21.1\cucumber-gherkin-messages-7.21.1.jar;C:\Users\kannan.palani\.m2\repository\io\cucumber\gherkin\31.0.0\gherkin-31.0.0.jar;C:\Users\kannan.palani\.m2\repository\io\cucumber\messages\27.2.0\messages-27.2.0.jar;C:\Users\kannan.palani\.m2\repository\io\cucumber\testng-xml-formatter\0.3.1\testng-xml-formatter-0.3.1.jar;C:\Users\kannan.palani\.m2\repository\io\cucumber\query\13.2.0\query-13.2.0.jar;C:\Users\kannan.palani\.m2\repository\io\cucumber\tag-expressions\6.1.2\tag-expressions-6.1.2.jar;C:\Users\kannan.palani\.m2\repository\io\cucumber\cucumber-expressions\18.0.1\cucumber-expressions-18.0.1.jar;C:\Users\kannan.palani\.m2\repository\io\cucumber\datatable\7.21.1\datatable-7.21.1.jar;C:\Users\kannan.palani\.m2\repository\io\cucumber\cucumber-plugin\7.21.1\cucumber-plugin-7.21.1.jar;C:\Users\kannan.palani\.m2\repository\io\cucumber\docstring\7.21.1\docstring-7.21.1.jar;C:\Users\kannan.palani\.m2\repository\io\cucumber\html-formatter\21.9.0\html-formatter-21.9.0.jar;C:\Users\kannan.palani\.m2\repository\io\cucumber\junit-xml-formatter\0.7.1\junit-xml-formatter-0.7.1.jar;C:\Users\kannan.palani\.m2\repository\io\cucumber\ci-environment\10.0.1\ci-environment-10.0.1.jar;C:\Users\kannan.palani\.m2\repository\org\apiguardian\apiguardian-api\1.1.2\apiguardian-api-1.1.2.jar;C:\Users\kannan.palani\.m2\repository\io\cucumber\cucumber-junit\7.21.1\cucumber-junit-7.21.1.jar;C:\Users\kannan.palani\.m2\repository\junit\junit\4.13.2\junit-4.13.2.jar;C:\Users\kannan.palani\.m2\repository\org\hamcrest\hamcrest-core\1.3\hamcrest-core-1.3.jar;"/>
    <property name="java.vm.vendor" value="Eclipse Adoptium"/>
    <property name="sun.arch.data.model" value="64"/>
    <property name="user.variant" value=""/>
    <property name="java.vendor.url" value="https://adoptium.net/"/>
    <property name="user.timezone" value="Asia/Calcutta"/>
    <property name="os.name" value="Windows 10"/>
    <property name="java.vm.specification.version" value="17"/>
    <property name="sun.java.launcher" value="SUN_STANDARD"/>
    <property name="user.country" value="IN"/>
    <property name="sun.boot.library.path" value="C:\Users\kannan.palani\.p2\pool\plugins\org.eclipse.justj.openjdk.hotspot.jre.full.win32.x86_64_17.0.10.v20240120-1143\jre\bin"/>
    <property name="sun.java.command" value="C:\Users\kannan.palani\AppData\Local\Temp\surefire10135470699543005422\surefirebooter-20250318205000537_3.jar C:\Users\kannan.palani\AppData\Local\Temp\surefire10135470699543005422 2025-03-18T20-49-59_450-jvmRun1 surefire-20250318205000537_1tmp surefire_0-20250318205000537_2tmp"/>
    <property name="jdk.debug" value="release"/>
    <property name="surefire.test.class.path" value="C:\SeleniumAutomationDataDrivenFramework\CucumberPractices\target\test-classes;C:\SeleniumAutomationDataDrivenFramework\CucumberPractices\target\classes;C:\Users\kannan.palani\.m2\repository\io\cucumber\cucumber-java\7.21.1\cucumber-java-7.21.1.jar;C:\Users\kannan.palani\.m2\repository\io\cucumber\cucumber-core\7.21.1\cucumber-core-7.21.1.jar;C:\Users\kannan.palani\.m2\repository\io\cucumber\cucumber-gherkin\7.21.1\cucumber-gherkin-7.21.1.jar;C:\Users\kannan.palani\.m2\repository\io\cucumber\cucumber-gherkin-messages\7.21.1\cucumber-gherkin-messages-7.21.1.jar;C:\Users\kannan.palani\.m2\repository\io\cucumber\gherkin\31.0.0\gherkin-31.0.0.jar;C:\Users\kannan.palani\.m2\repository\io\cucumber\messages\27.2.0\messages-27.2.0.jar;C:\Users\kannan.palani\.m2\repository\io\cucumber\testng-xml-formatter\0.3.1\testng-xml-formatter-0.3.1.jar;C:\Users\kannan.palani\.m2\repository\io\cucumber\query\13.2.0\query-13.2.0.jar;C:\Users\kannan.palani\.m2\repository\io\cucumber\tag-expressions\6.1.2\tag-expressions-6.1.2.jar;C:\Users\kannan.palani\.m2\repository\io\cucumber\cucumber-expressions\18.0.1\cucumber-expressions-18.0.1.jar;C:\Users\kannan.palani\.m2\repository\io\cucumber\datatable\7.21.1\datatable-7.21.1.jar;C:\Users\kannan.palani\.m2\repository\io\cucumber\cucumber-plugin\7.21.1\cucumber-plugin-7.21.1.jar;C:\Users\kannan.palani\.m2\repository\io\cucumber\docstring\7.21.1\docstring-7.21.1.jar;C:\Users\kannan.palani\.m2\repository\io\cucumber\html-formatter\21.9.0\html-formatter-21.9.0.jar;C:\Users\kannan.palani\.m2\repository\io\cucumber\junit-xml-formatter\0.7.1\junit-xml-formatter-0.7.1.jar;C:\Users\kannan.palani\.m2\repository\io\cucumber\ci-environment\10.0.1\ci-environment-10.0.1.jar;C:\Users\kannan.palani\.m2\repository\org\apiguardian\apiguardian-api\1.1.2\apiguardian-api-1.1.2.jar;C:\Users\kannan.palani\.m2\repository\io\cucumber\cucumber-junit\7.21.1\cucumber-junit-7.21.1.jar;C:\Users\kannan.palani\.m2\repository\junit\junit\4.13.2\junit-4.13.2.jar;C:\Users\kannan.palani\.m2\repository\org\hamcrest\hamcrest-core\1.3\hamcrest-core-1.3.jar;"/>
    <property name="sun.cpu.endian" value="little"/>
    <property name="user.home" value="C:\Users\kannan.palani"/>
    <property name="user.language" value="en"/>
    <property name="java.specification.vendor" value="Oracle Corporation"/>
    <property name="java.version.date" value="2024-01-16"/>
    <property name="java.home" value="C:\Users\kannan.palani\.p2\pool\plugins\org.eclipse.justj.openjdk.hotspot.jre.full.win32.x86_64_17.0.10.v20240120-1143\jre"/>
    <property name="file.separator" value="\"/>
    <property name="style.color" value="always"/>
    <property name="basedir" value="C:\SeleniumAutomationDataDrivenFramework\CucumberPractices"/>
    <property name="java.vm.compressedOopsMode" value="Zero based"/>
    <property name="line.separator" value="&#10;"/>
    <property name="java.vm.specification.vendor" value="Oracle Corporation"/>
    <property name="java.specification.name" value="Java Platform API Specification"/>
    <property name="surefire.real.class.path" value="C:\Users\kannan.palani\AppData\Local\Temp\surefire10135470699543005422\surefirebooter-20250318205000537_3.jar"/>
    <property name="user.script" value=""/>
    <property name="sun.management.compiler" value="HotSpot 64-Bit Tiered Compilers"/>
    <property name="java.runtime.version" value="17.0.10+7"/>
    <property name="user.name" value="kannan.palani"/>
    <property name="path.separator" value=";"/>
    <property name="os.version" value="10.0"/>
    <property name="java.runtime.name" value="OpenJDK Runtime Environment"/>
    <property name="file.encoding" value="Cp1252"/>
    <property name="java.vm.name" value="OpenJDK 64-Bit Server VM"/>
    <property name="java.vendor.version" value="Temurin-17.0.10+7"/>
    <property name="localRepository" value="C:\Users\kannan.palani\.m2\repository"/>
    <property name="java.vendor.url.bug" value="https://github.com/adoptium/adoptium-support/issues"/>
    <property name="java.io.tmpdir" value="C:\Users\KANNAN~1.PAL\AppData\Local\Temp\"/>
    <property name="java.version" value="17.0.10"/>
    <property name="user.dir" value="C:\SeleniumAutomationDataDrivenFramework\CucumberPractices"/>
    <property name="os.arch" value="amd64"/>
    <property name="java.vm.specification.name" value="Java Virtual Machine Specification"/>
    <property name="sun.os.patch.level" value=""/>
    <property name="native.encoding" value="Cp1252"/>
    <property name="java.library.path" value="C:\Users\kannan.palani\.p2\pool\plugins\org.eclipse.justj.openjdk.hotspot.jre.full.win32.x86_64_17.0.10.v20240120-1143\jre\bin;C:\Windows\Sun\Java\bin;C:\Windows\system32;C:\Windows;C:/Users/kannan.palani/.p2/pool/plugins/org.eclipse.justj.openjdk.hotspot.jre.full.win32.x86_64_17.0.10.v20240120-1143/jre/bin/server;C:/Users/kannan.palani/.p2/pool/plugins/org.eclipse.justj.openjdk.hotspot.jre.full.win32.x86_64_17.0.10.v20240120-1143/jre/bin;C:\Program Files\Securden\Securden_Agent\path\;C:\Program Files\Microsoft MPI\Bin\;C:\Program Files\Common Files\Oracle\Java\javapath;C:\Windows\system32;C:\Windows;C:\Windows\System32\Wbem;C:\Windows\System32\WindowsPowerShell\v1.0\;C:\Windows\System32\OpenSSH\;C:\Program Files (x86)\Microsoft SQL Server\150\Tools\Binn\;C:\Program Files\Microsoft SQL Server\150\Tools\Binn\;C:\Program Files (x86)\Microsoft SQL Server\150\DTS\Binn\;C:\Program Files\Microsoft SQL Server\150\DTS\Binn\;C:\Program Files\Microsoft SQL Server\Client SDK\ODBC\170\Tools\Binn\;C:\Program Files\dotnet\;C:\Program Files\Java\jdk-18.0.1.1;C:\Program Files\TortoiseSVN\bin;C:\apache-maven-3.8.6\bin;C:\Program Files\nodejs\;C:\Program Files\Git\cmd;C:\Program Files\gradle-7.5.1\bin;C:\Program Files\Java\jdk-11.0.15.1\bin;C:\Program Files\Java\jdk-11.0.17\bin;C:\Users\kannan.palani\AppData\Local\Programs\Python\Python312\Scripts\;C:\Users\kannan.palani\AppData\Local\Programs\Python\Python312\;C:\Users\kannan.palani\AppData\Local\Programs\Python\Python310\Scripts\;C:\Users\kannan.palani\AppData\Local\Programs\Python\Python310\;C:\Users\kannan.palani\AppData\Local\Microsoft\WindowsApps;;C:\Users\kannan.palani\.dotnet\tools;C:\Users\kannan.palani\AppData\Local\JetBrains\IntelliJ IDEA Community Edition 2022.2.1\bin;;C:\Users\kannan.palani\AppData\Roaming\npm;C:\Users\kannan.palani\AppData\Local\Programs\Microsoft VS Code\bin;C:\Windows\system32;;."/>
    <property name="java.vm.info" value="mixed mode"/>
    <property name="java.vendor" value="Eclipse Adoptium"/>
    <property name="java.vm.version" value="17.0.10+7"/>
    <property name="sun.io.unicode.encoding" value="UnicodeLittle"/>
    <property name="java.class.version" value="61.0"/>
  </properties>
  <testcase name="Search a Product" classname="Amazon Search" time="0.1">
    <system-out><![CDATA[
Scenario: Search a Product                                                   &amp#27;[90m# src/test/java/features/Search.feature:22&amp#27;[0m
Step 1: I am on search page
  &amp#27;[32mGiven &amp#27;[0m&amp#27;[32mI have a search field on Amazon Page&amp#27;[0m                                 &amp#27;[90m# stepdefinitions.SearchSteps.i_have_a_search_field_on_amazon_page()&amp#27;[0m
Step 2: Search the product with name: Apple MacBook Pro price: 100000
  &amp#27;[32mWhen &amp#27;[0m&amp#27;[32mI search for a product with name &amp#27;[0m&amp#27;[32m&amp#27;[1m"Apple MacBook Pro"&amp#27;[0m&amp#27;[32m and price &amp#27;[0m&amp#27;[32m&amp#27;[1m100000&amp#27;[0m &amp#27;[90m# stepdefinitions.SearchSteps.i_search_for_a_product_with_name_and_price(java.lang.String,java.lang.Integer)&amp#27;[0m
Step 3: product Apple MacBook Pro is displayed
Searched Product is: Apple MacBook Pro
  &amp#27;[32mThen &amp#27;[0m&amp#27;[32mProduct with name &amp#27;[0m&amp#27;[32m&amp#27;[1m"Apple MacBook Pro"&amp#27;[0m&amp#27;[32m should be displayed&amp#27;[0m             &amp#27;[90m# stepdefinitions.SearchSteps.product_with_name_should_be_displayed(java.lang.String)&amp#27;[0m
]]></system-out>
  </testcase>
</testsuite>